<?xml version="1.0" encoding="UTF-8"?>
<testng-results ignored="0" total="4" passed="3" failed="1" skipped="0">
  <reporter-output>
  </reporter-output>
  <suite started-at="2023-02-05T18:26:48 IST" name="Default suite" finished-at="2023-02-05T18:26:48 IST" duration-ms="299">
    <groups>
    </groups>
    <test started-at="2023-02-05T18:26:48 IST" name="Default test" finished-at="2023-02-05T18:26:48 IST" duration-ms="299">
      <class name="week1.ArrayIndicesMatchingTargetSum">
        <test-method signature="example1()[pri:0, instance:week1.ArrayIndicesMatchingTargetSum@55b7a4e0]" started-at="2023-02-05T18:26:48 IST" name="example1" finished-at="2023-02-05T18:26:48 IST" duration-ms="33" status="PASS">
          <reporter-output>
          </reporter-output>
        </test-method> <!-- example1 -->
        <test-method signature="example2()[pri:0, instance:week1.ArrayIndicesMatchingTargetSum@55b7a4e0]" started-at="2023-02-05T18:26:48 IST" name="example2" finished-at="2023-02-05T18:26:48 IST" duration-ms="5" status="PASS">
          <reporter-output>
          </reporter-output>
        </test-method> <!-- example2 -->
        <test-method signature="example3()[pri:0, instance:week1.ArrayIndicesMatchingTargetSum@55b7a4e0]" started-at="2023-02-05T18:26:48 IST" name="example3" finished-at="2023-02-05T18:26:48 IST" duration-ms="3" status="PASS">
          <reporter-output>
          </reporter-output>
        </test-method> <!-- example3 -->
        <test-method signature="example4()[pri:0, instance:week1.ArrayIndicesMatchingTargetSum@55b7a4e0]" started-at="2023-02-05T18:26:48 IST" name="example4" finished-at="2023-02-05T18:26:48 IST" duration-ms="8" status="FAIL">
          <exception class="java.lang.RuntimeException">
            <message>
              <![CDATA[No Matching indices]]>
            </message>
            <full-stacktrace>
              <![CDATA[java.lang.RuntimeException: No Matching indices
at week1.ArrayIndicesMatchingTargetSum.getIndices(ArrayIndicesMatchingTargetSum.java:80)
at week1.ArrayIndicesMatchingTargetSum.example4(ArrayIndicesMatchingTargetSum.java:64)
at java.base/jdk.internal.reflect.DirectMethodHandleAccessor.invoke(DirectMethodHandleAccessor.java:104)
at java.base/java.lang.reflect.Method.invoke(Method.java:577)
at org.testng.internal.MethodInvocationHelper.invokeMethod(MethodInvocationHelper.java:133)
at org.testng.internal.TestInvoker.invokeMethod(TestInvoker.java:598)
at org.testng.internal.TestInvoker.invokeTestMethod(TestInvoker.java:173)
at org.testng.internal.MethodRunner.runInSequence(MethodRunner.java:46)
at org.testng.internal.TestInvoker$MethodInvocationAgent.invoke(TestInvoker.java:824)
at org.testng.internal.TestInvoker.invokeTestMethods(TestInvoker.java:146)
at org.testng.internal.TestMethodWorker.invokeTestMethods(TestMethodWorker.java:146)
at org.testng.internal.TestMethodWorker.run(TestMethodWorker.java:128)
at java.base/java.util.ArrayList.forEach(ArrayList.java:1511)
at org.testng.TestRunner.privateRun(TestRunner.java:794)
at org.testng.TestRunner.run(TestRunner.java:596)
at org.testng.SuiteRunner.runTest(SuiteRunner.java:377)
at org.testng.SuiteRunner.runSequentially(SuiteRunner.java:371)
at org.testng.SuiteRunner.privateRun(SuiteRunner.java:332)
at org.testng.SuiteRunner.run(SuiteRunner.java:276)
at org.testng.SuiteRunnerWorker.runSuite(SuiteRunnerWorker.java:53)
at org.testng.SuiteRunnerWorker.run(SuiteRunnerWorker.java:96)
at org.testng.TestNG.runSuitesSequentially(TestNG.java:1212)
at org.testng.TestNG.runSuitesLocally(TestNG.java:1134)
at org.testng.TestNG.runSuites(TestNG.java:1063)
at org.testng.TestNG.run(TestNG.java:1031)
at org.testng.remote.AbstractRemoteTestNG.run(AbstractRemoteTestNG.java:115)
at org.testng.remote.RemoteTestNG.initAndRun(RemoteTestNG.java:251)
at org.testng.remote.RemoteTestNG.main(RemoteTestNG.java:77)
]]>
            </full-stacktrace>
          </exception> <!-- java.lang.RuntimeException -->
          <reporter-output>
          </reporter-output>
        </test-method> <!-- example4 -->
      </class> <!-- week1.ArrayIndicesMatchingTargetSum -->
    </test> <!-- Default test -->
  </suite> <!-- Default suite -->
</testng-results>
