<?xml version="1.0" encoding="UTF-8"?>
<testng-results ignored="0" total="3" passed="3" failed="0" skipped="0">
  <reporter-output>
  </reporter-output>
  <suite started-at="2023-02-22T01:55:04 IST" name="Default suite" finished-at="2023-02-22T01:55:04 IST" duration-ms="43">
    <groups>
    </groups>
    <test started-at="2023-02-22T01:55:04 IST" name="Default test" finished-at="2023-02-22T01:55:04 IST" duration-ms="43">
      <class name="array.problem.bruteforce.PlantFlowers">
        <test-method signature="example1()[pri:0, instance:array.problem.bruteforce.PlantFlowers@6eda5c9]" started-at="2023-02-22T01:55:04 IST" name="example1" finished-at="2023-02-22T01:55:04 IST" duration-ms="7" status="PASS">
          <reporter-output>
          </reporter-output>
        </test-method> <!-- example1 -->
        <test-method signature="example2()[pri:0, instance:array.problem.bruteforce.PlantFlowers@6eda5c9]" started-at="2023-02-22T01:55:04 IST" name="example2" finished-at="2023-02-22T01:55:04 IST" duration-ms="1" status="PASS">
          <reporter-output>
          </reporter-output>
        </test-method> <!-- example2 -->
        <test-method signature="example3()[pri:0, instance:array.problem.bruteforce.PlantFlowers@6eda5c9]" started-at="2023-02-22T01:55:04 IST" name="example3" finished-at="2023-02-22T01:55:04 IST" duration-ms="1" status="PASS">
          <reporter-output>
          </reporter-output>
        </test-method> <!-- example3 -->
      </class> <!-- array.problem.bruteforce.PlantFlowers -->
    </test> <!-- Default test -->
  </suite> <!-- Default suite -->
</testng-results>
