<?xml version="1.0" encoding="UTF-8"?>
<!-- Generated by org.testng.reporters.JUnitXMLReporter -->
<testsuite ignored="0" hostname="CPDOLL" failures="0" tests="3" name="Default test" time="0.043" errors="0" timestamp="2023-02-22T01:55:04 IST">
  <testcase classname="array.problem.bruteforce.PlantFlowers" name="example1" time="0.007"/>
  <testcase classname="array.problem.bruteforce.PlantFlowers" name="example2" time="0.001"/>
  <testcase classname="array.problem.bruteforce.PlantFlowers" name="example3" time="0.001"/>
</testsuite> <!-- Default test -->
